[35m[Appium][39m Welcome to Appium v1.17.1
[35m[Appium][39m Non-default server args:
[35m[Appium][39m   port: 17299
[35m[Appium][39m   loglevel: info
[35m[Appium][39m   tmpDir: C:\Users\BENIMU~1\AppData\Local\Temp\\Katalon\Appium\Temp1588680492171
[35m[Appium][39m   chromedriverPort: 17300
[35m[Appium][39m Deprecated server args:
[35m[Appium][39m   [31m--chromedriver-port[39m => --default-capabilities '{"chromedriverPort":17300}'
[35m[Appium][39m Default capabilities, which will be added to each request unless overridden by desired capabilities:
[35m[Appium][39m   chromedriverPort: 17300
[35m[Appium][39m Appium REST http interface listener started on 0.0.0.0:17299
[35m[HTTP][39m [37m-->[39m [37mGET[39m [37m/wd/hub/status[39m
[35m[HTTP][39m [90m{}[39m
[35m[HTTP][39m [37m<-- GET /wd/hub/status [39m[32m200[39m [90m16 ms - 68[39m
[35m[HTTP][39m [90m[39m
[35m[HTTP][39m [37m-->[39m [37mGET[39m [37m/wd/hub/status[39m
[35m[HTTP][39m [90m{}[39m
[35m[HTTP][39m [37m<-- GET /wd/hub/status [39m[32m200[39m [90m2 ms - 68[39m
[35m[HTTP][39m [90m[39m
[35m[HTTP][39m [37m-->[39m [37mPOST[39m [37m/wd/hub/session[39m
[35m[HTTP][39m [90m{"desiredCapabilities":{"app":"D:\\1KULIAH\\Semester 5\\Tugas\\Pemrograman Mobile\\AplikasiKRS\\app\\build\\outputs\\apk\\debug\\app-debug.apk","noReset":true,"deviceName":"realme RMX1911 (Android 9)","fullReset":false,"platform":"ANDROID","newCommandTimeout":1800,"platformVersion":"9","automationName":"uiautomator2","autoGrantPermissions":true,"platformName":"Android","udid":"5a07c577","systemPort":17376},"capabilities":{"firstMatch":[{"appium:app":"D:\\1KULIAH\\Semester 5\\Tugas\\Pemrograman Mobile\\AplikasiKRS\\app\\build\\outputs\\apk\\debug\\app-debug.apk","appium:autoGrantPermissions":true,"appium:automationName":"uiautomator2","appium:deviceName":"realme RMX1911 (Android 9)","appium:fullReset":false,"appium:newCommandTimeout":1800,"appium:noReset":true,"platform":"ANDROID","platformName":"android","appium:platformVersion":"9","appium:systemPort":17376,"appium:udid":"5a07c577"}]}}[39m
[35m[BaseDriver][39m The following capabilities are not standard capabilities and should have an extension prefix:
[35m[BaseDriver][39m   platform
[35m[BaseDriver][39m   chromedriverPort
[35m[Appium][39m Appium v1.17.1 creating new AndroidUiautomator2Driver (v1.44.2) session
[35m[BaseDriver][39m The following capabilities were provided, but are not recognized by Appium:
[35m[BaseDriver][39m   platform
[35m[BaseDriver][39m Session created with session id: b9b9d478-bc09-4bed-a5f0-7ee2467d90e2
[35m[BaseDriver][39m Using local app 'D:\1KULIAH\Semester 5\Tugas\Pemrograman Mobile\AplikasiKRS\app\build\outputs\apk\debug\app-debug.apk'
[35m[ADB][39m Found 1 'build-tools' folders under 'C:\Users\benimulia\.katalon\tools\android_sdk' (newest first):
[35m[ADB][39m     C:/Users/benimulia/.katalon/tools/android_sdk/build-tools/29.0.3
[35m[ADB][39m Using 'adb.exe' from 'C:\Users\benimulia\.katalon\tools\android_sdk\platform-tools\adb.exe'
[35m[AndroidDriver][39m Retrieving device list
[35m[AndroidDriver][39m Using device: 5a07c577
[35m[ADB][39m Using 'adb.exe' from 'C:\Users\benimulia\.katalon\tools\android_sdk\platform-tools\adb.exe'
[35m[ADB][39m Getting device platform version
[35m[UiAutomator2][39m Relaxing hidden api policy
[35m[UiAutomator2][39m Unable to remove port forward: Error executing adbExec. Original error: 'Command 'C:\\Users\\benimulia\\.katalon\\tools\\android_sdk\\platform-tools\\adb.exe -P 5037 -s 5a07c577 forward --remove tcp\:17376' exited with code 1'; Stderr: 'adb.exe: error: listener 'tcp:17376' not found'; Code: '1'
[35m[UiAutomator2][39m Restoring hidden api policy to the device default configuration
[35m[HTTP][39m [37m<-- POST /wd/hub/session [39m[31m500[39m [90m10257 ms - 3617[39m
[35m[HTTP][39m [90m[39m
